<?xml version="1.0" encoding="UTF-8"?>
<testng-results ignored="0" total="1" passed="1" failed="0" skipped="0">
  <reporter-output>
    <line>
      <![CDATA[Test case is pass]]>
    </line>
  </reporter-output>
  <suite started-at="2024-11-06T18:59:24 IST" name="Default suite" finished-at="2024-11-06T18:59:38 IST" duration-ms="13966">
    <groups>
    </groups>
    <test started-at="2024-11-06T18:59:24 IST" name="Default test" finished-at="2024-11-06T18:59:38 IST" duration-ms="13966">
      <class name="SleniumPackage1.SeleniumProject11.ProductDetails_Amazon">
        <test-method is-config="true" signature="Launch()[pri:0, instance:SleniumPackage1.SeleniumProject11.ProductDetails_Amazon@4b0d79fc]" started-at="2024-11-06T18:59:24 IST" name="Launch" finished-at="2024-11-06T18:59:29 IST" duration-ms="5512" status="PASS">
          <reporter-output>
          </reporter-output>
        </test-method> <!-- Launch -->
        <test-method signature="Product_Details()[pri:0, instance:SleniumPackage1.SeleniumProject11.ProductDetails_Amazon@4b0d79fc]" started-at="2024-11-06T18:59:29 IST" name="Product_Details" finished-at="2024-11-06T18:59:37 IST" duration-ms="8138" status="PASS">
          <reporter-output>
            <line>
              <![CDATA[Test case is pass]]>
            </line>
          </reporter-output>
        </test-method> <!-- Product_Details -->
        <test-method is-config="true" signature="quit()[pri:0, instance:SleniumPackage1.SeleniumProject11.ProductDetails_Amazon@4b0d79fc]" started-at="2024-11-06T18:59:38 IST" name="quit" finished-at="2024-11-06T18:59:38 IST" duration-ms="1" status="PASS">
          <reporter-output>
          </reporter-output>
        </test-method> <!-- quit -->
      </class> <!-- SleniumPackage1.SeleniumProject11.ProductDetails_Amazon -->
    </test> <!-- Default test -->
  </suite> <!-- Default suite -->
</testng-results>
